<?xml version="1.0" encoding="UTF-8"?>
<testsuite xmlns:xsi="http://www.w3.org/2001/XMLSchema-instance" xsi:noNamespaceSchemaLocation="https://maven.apache.org/surefire/maven-surefire-plugin/xsd/surefire-test-report-3.0.xsd" version="3.0" name="com.digitiumitservices.boc.ProcessUnitTest" time="0.215" tests="1" errors="0" skipped="0" failures="0">
  <properties>
[...]
</properties>
  <testcase name="testHappyPath" classname="com.digitiumitservices.boc.ProcessUnitTest" time="0.167">
    <system-out><![CDATA[12:48:31.437 [main] INFO  o.s.t.c.s.AnnotationConfigContextLoaderUtils - Could not detect default configuration classes for test class [com.digitiumitservices.boc.ProcessUnitTest]: ProcessUnitTest does not declare any static, non-private, non-final, nested classes annotated with @Configuration.
12:48:31.449 [main] INFO  o.s.b.t.c.SpringBootTestContextBootstrapper - Found @SpringBootConfiguration com.digitiumitservices.boc.CamundaApplication for test class com.digitiumitservices.boc.ProcessUnitTest
12:48:31.474 [main] DEBUG o.h.e.t.internal.TransactionImpl - On TransactionImpl creation, JpaCompliance#isJpaTransactionComplianceEnabled == false
12:48:31.474 [main] DEBUG o.h.e.t.internal.TransactionImpl - begin
12:48:31.590 [main] INFO  c.d.boc.LoggerDelegate - 

  ... LoggerDelegate invoked by activityName='Log to console', activityId=ServiceTask_Logger, processDefinitionId=order-creation:1:7, processInstanceId=8, businessKey=null, executionId=8, variables={
} 


12:48:31.605 [main] DEBUG o.h.e.t.internal.TransactionImpl - committing
12:48:31.606 [main] DEBUG o.h.e.t.internal.TransactionImpl - On TransactionImpl creation, JpaCompliance#isJpaTransactionComplianceEnabled == false
12:48:31.606 [main] DEBUG o.h.e.t.internal.TransactionImpl - begin
12:48:31.614 [main] DEBUG o.h.e.t.internal.TransactionImpl - committing
12:48:31.615 [main] DEBUG o.h.e.t.internal.TransactionImpl - On TransactionImpl creation, JpaCompliance#isJpaTransactionComplianceEnabled == false
12:48:31.615 [main] DEBUG o.h.e.t.internal.TransactionImpl - begin
12:48:31.621 [main] DEBUG o.h.e.t.internal.TransactionImpl - committing
12:48:31.622 [main] INFO  o.c.c.p.s.p.ProcessEngineCoverageTestExecutionListener - testHappyPath test method coverage is 1.0
]]></system-out>
  </testcase>
</testsuite>